This file contains any messages produced by compilers while
running configure, to aid debugging if configure makes a mistake.

It was created by PACKAGE configure VERSION, which was
generated by GNU Autoconf 2.59.  Invocation command line was

  $ ./configure --prefix=

## --------- ##
## Platform. ##
## --------- ##

hostname = DESKTOP-JOJO5FV
uname -m = x86_64
uname -r = 5.4.72-microsoft-standard-WSL2
uname -s = Linux
uname -v = #1 SMP Wed Oct 28 23:40:43 UTC 2020

/usr/bin/uname -p = x86_64
/bin/uname -X     = unknown

/bin/arch              = x86_64
/usr/bin/arch -k       = unknown
/usr/convex/getsysinfo = unknown
hostinfo               = unknown
/bin/machine           = unknown
/usr/bin/oslevel       = unknown
/bin/universe          = unknown

PATH: /usr/local/sbin
PATH: /usr/local/bin
PATH: /usr/sbin
PATH: /usr/bin
PATH: /sbin
PATH: /bin
PATH: /usr/games
PATH: /usr/local/games
PATH: /usr/lib/wsl/lib
PATH: /mnt/c/Program Files/NVIDIA GPU Computing Toolkit/CUDA/v11.6/bin
PATH: /mnt/c/Program Files/NVIDIA GPU Computing Toolkit/CUDA/v11.6/libnvvp
PATH: /mnt/c/Program Files (x86)/Embarcadero/Studio/21.0/bin
PATH: /mnt/c/Users/Public/Documents/Embarcadero/Studio/21.0/Bpl
PATH: /mnt/c/Program Files (x86)/Embarcadero/Studio/21.0/bin64
PATH: /mnt/c/Users/Public/Documents/Embarcadero/Studio/21.0/Bpl/Win64
PATH: /mnt/c/WINDOWS/system32
PATH: /mnt/c/WINDOWS
PATH: /mnt/c/WINDOWS/System32/Wbem
PATH: /mnt/c/WINDOWS/System32/WindowsPowerShell/v1.0/
PATH: /mnt/c/Program Files (x86)/Git/cmd
PATH: /mnt/c/Program Files/dotnet/
PATH: /mnt/c/Program Files/Microsoft SQL Server/130/Tools/Binn/
PATH: /mnt/c/Program Files/Microsoft SQL Server/Client SDK/ODBC/170/Tools/Binn/
PATH: /mnt/c/WINDOWS/System32/OpenSSH/
PATH: /mnt/c/Program Files (x86)/Brackets/command
PATH: /mnt/c/Program Files (x86)/NVIDIA Corporation/PhysX/Common
PATH: /mnt/c/Program Files/NVIDIA Corporation/NVIDIA NvDLISR
PATH: /mnt/c/Program Files/NVIDIA Corporation/Nsight Compute 2022.1.0/
PATH: /mnt/c/Ruby31-x64/bin
PATH: /mnt/c/Users/Usuario/AppData/Local/Programs/Python/Python39/Scripts/
PATH: /mnt/c/Users/Usuario/AppData/Local/Programs/Python/Python39/
PATH: /mnt/c/Users/Usuario/AppData/Local/Microsoft/WindowsApps
PATH: /mnt/c/Users/Usuario/AppData/Local/Programs/Microsoft VS Code/bin
PATH: /mnt/c/Users/Usuario/.dotnet/tools
PATH: /mnt/c/Users/Usuario/AppData/Local/GitHubDesktop/bin
PATH: /mnt/c/Program Files/JetBrains/PyCharm Community Edition 2021.2/bin
PATH: /mnt/c/Users/Usuario/AppData/Local/atom/bin
PATH: /mnt/c/Users/Usuario/Cmds
PATH: /snap/bin


## ----------- ##
## Core tests. ##
## ----------- ##

configure:1359: checking for a BSD-compatible install
configure:1414: result: /usr/bin/install -c
configure:1425: checking whether build environment is sane
configure:1468: result: yes
configure:1525: checking for gawk
configure:1541: found /usr/bin/gawk
configure:1551: result: gawk
configure:1561: checking whether make sets $(MAKE)
configure:1581: result: yes
configure:1833: checking for g++
configure:1849: found /usr/bin/g++
configure:1859: result: g++
configure:1875: checking for C++ compiler version
configure:1878: g++ --version </dev/null >&5
g++ (Ubuntu 9.3.0-17ubuntu1~20.04) 9.3.0
Copyright (C) 2019 Free Software Foundation, Inc.
This is free software; see the source for copying conditions.  There is NO
warranty; not even for MERCHANTABILITY or FITNESS FOR A PARTICULAR PURPOSE.

configure:1881: $? = 0
configure:1883: g++ -v </dev/null >&5
Using built-in specs.
COLLECT_GCC=g++
COLLECT_LTO_WRAPPER=/usr/lib/gcc/x86_64-linux-gnu/9/lto-wrapper
OFFLOAD_TARGET_NAMES=nvptx-none:hsa
OFFLOAD_TARGET_DEFAULT=1
Target: x86_64-linux-gnu
Configured with: ../src/configure -v --with-pkgversion='Ubuntu 9.3.0-17ubuntu1~20.04' --with-bugurl=file:///usr/share/doc/gcc-9/README.Bugs --enable-languages=c,ada,c++,go,brig,d,fortran,objc,obj-c++,gm2 --prefix=/usr --with-gcc-major-version-only --program-suffix=-9 --program-prefix=x86_64-linux-gnu- --enable-shared --enable-linker-build-id --libexecdir=/usr/lib --without-included-gettext --enable-threads=posix --libdir=/usr/lib --enable-nls --enable-clocale=gnu --enable-libstdcxx-debug --enable-libstdcxx-time=yes --with-default-libstdcxx-abi=new --enable-gnu-unique-object --disable-vtable-verify --enable-plugin --enable-default-pie --with-system-zlib --with-target-system-zlib=auto --enable-objc-gc=auto --enable-multiarch --disable-werror --with-arch-32=i686 --with-abi=m64 --with-multilib-list=m32,m64,mx32 --enable-multilib --with-tune=generic --enable-offload-targets=nvptx-none=/build/gcc-9-HskZEa/gcc-9-9.3.0/debian/tmp-nvptx/usr,hsa --without-cuda-driver --enable-checking=release --build=x86_64-linux-gnu --host=x86_64-linux-gnu --target=x86_64-linux-gnu
Thread model: posix
gcc version 9.3.0 (Ubuntu 9.3.0-17ubuntu1~20.04) 
configure:1886: $? = 0
configure:1888: g++ -V </dev/null >&5
g++: error: unrecognized command line option '-V'
g++: fatal error: no input files
compilation terminated.
configure:1891: $? = 1
configure:1914: checking for C++ compiler default output file name
configure:1917: g++    conftest.cc  >&5
configure:1920: $? = 0
configure:1966: result: a.out
configure:1971: checking whether the C++ compiler works
configure:1977: ./a.out
configure:1980: $? = 0
configure:1997: result: yes
configure:2004: checking whether we are cross compiling
configure:2006: result: no
configure:2009: checking for suffix of executables
configure:2011: g++ -o conftest    conftest.cc  >&5
configure:2014: $? = 0
configure:2039: result: 
configure:2045: checking for suffix of object files
configure:2066: g++ -c   conftest.cc >&5
configure:2069: $? = 0
configure:2091: result: o
configure:2095: checking whether we are using the GNU C++ compiler
configure:2119: g++ -c   conftest.cc >&5
configure:2125: $? = 0
configure:2129: test -z 
			 || test ! -s conftest.err
configure:2132: $? = 0
configure:2135: test -s conftest.o
configure:2138: $? = 0
configure:2151: result: yes
configure:2157: checking whether g++ accepts -g
configure:2178: g++ -c -g  conftest.cc >&5
configure:2184: $? = 0
configure:2188: test -z 
			 || test ! -s conftest.err
configure:2191: $? = 0
configure:2194: test -s conftest.o
configure:2197: $? = 0
configure:2208: result: yes
configure:2250: g++ -c -g -O2  conftest.cc >&5
configure:2256: $? = 0
configure:2260: test -z 
			 || test ! -s conftest.err
configure:2263: $? = 0
configure:2266: test -s conftest.o
configure:2269: $? = 0
configure:2295: g++ -c -g -O2  conftest.cc >&5
conftest.cc: In function 'int main()':
conftest.cc:19:1: error: 'exit' was not declared in this scope
   19 | exit (42);
      | ^~~~
configure:2301: $? = 1
configure: failed program was:
| /* confdefs.h.  */
| 
| #define PACKAGE_NAME "PACKAGE"
| #define PACKAGE_TARNAME "package"
| #define PACKAGE_VERSION "VERSION"
| #define PACKAGE_STRING "PACKAGE VERSION"
| #define PACKAGE_BUGREPORT "swingxficgenerator@gmail.com"
| #define PACKAGE "Swingxficgenerator"
| #define VERSION "0.3.1"
| #define SPECSFILE "/specs.all"
| #define HOSTSFILE "/bin/latest/hosts"
| #define STARTLISTENERFILENAME "/bin/startlistener"
| #define ERRFILECONNFORKS "/errfileconnforks"
| /* end confdefs.h.  */
| 
| int
| main ()
| {
| exit (42);
|   ;
|   return 0;
| }
configure:2250: g++ -c -g -O2  conftest.cc >&5
configure:2256: $? = 0
configure:2260: test -z 
			 || test ! -s conftest.err
configure:2263: $? = 0
configure:2266: test -s conftest.o
configure:2269: $? = 0
configure:2295: g++ -c -g -O2  conftest.cc >&5
configure:2301: $? = 0
configure:2305: test -z 
			 || test ! -s conftest.err
configure:2308: $? = 0
configure:2311: test -s conftest.o
configure:2314: $? = 0
configure:2348: checking for style of include used by make
configure:2376: result: GNU
configure:2404: checking dependency style of g++
configure:2489: result: gcc3
configure:2552: checking for gcc
configure:2568: found /usr/bin/gcc
configure:2578: result: gcc
configure:2822: checking for C compiler version
configure:2825: gcc --version </dev/null >&5
gcc (Ubuntu 9.3.0-17ubuntu1~20.04) 9.3.0
Copyright (C) 2019 Free Software Foundation, Inc.
This is free software; see the source for copying conditions.  There is NO
warranty; not even for MERCHANTABILITY or FITNESS FOR A PARTICULAR PURPOSE.

configure:2828: $? = 0
configure:2830: gcc -v </dev/null >&5
Using built-in specs.
COLLECT_GCC=gcc
COLLECT_LTO_WRAPPER=/usr/lib/gcc/x86_64-linux-gnu/9/lto-wrapper
OFFLOAD_TARGET_NAMES=nvptx-none:hsa
OFFLOAD_TARGET_DEFAULT=1
Target: x86_64-linux-gnu
Configured with: ../src/configure -v --with-pkgversion='Ubuntu 9.3.0-17ubuntu1~20.04' --with-bugurl=file:///usr/share/doc/gcc-9/README.Bugs --enable-languages=c,ada,c++,go,brig,d,fortran,objc,obj-c++,gm2 --prefix=/usr --with-gcc-major-version-only --program-suffix=-9 --program-prefix=x86_64-linux-gnu- --enable-shared --enable-linker-build-id --libexecdir=/usr/lib --without-included-gettext --enable-threads=posix --libdir=/usr/lib --enable-nls --enable-clocale=gnu --enable-libstdcxx-debug --enable-libstdcxx-time=yes --with-default-libstdcxx-abi=new --enable-gnu-unique-object --disable-vtable-verify --enable-plugin --enable-default-pie --with-system-zlib --with-target-system-zlib=auto --enable-objc-gc=auto --enable-multiarch --disable-werror --with-arch-32=i686 --with-abi=m64 --with-multilib-list=m32,m64,mx32 --enable-multilib --with-tune=generic --enable-offload-targets=nvptx-none=/build/gcc-9-HskZEa/gcc-9-9.3.0/debian/tmp-nvptx/usr,hsa --without-cuda-driver --enable-checking=release --build=x86_64-linux-gnu --host=x86_64-linux-gnu --target=x86_64-linux-gnu
Thread model: posix
gcc version 9.3.0 (Ubuntu 9.3.0-17ubuntu1~20.04) 
configure:2833: $? = 0
configure:2835: gcc -V </dev/null >&5
gcc: error: unrecognized command line option '-V'
gcc: fatal error: no input files
compilation terminated.
configure:2838: $? = 1
configure:2841: checking whether we are using the GNU C compiler
configure:2865: gcc -c   conftest.c >&5
configure:2871: $? = 0
configure:2875: test -z 
			 || test ! -s conftest.err
configure:2878: $? = 0
configure:2881: test -s conftest.o
configure:2884: $? = 0
configure:2897: result: yes
configure:2903: checking whether gcc accepts -g
configure:2924: gcc -c -g  conftest.c >&5
configure:2930: $? = 0
configure:2934: test -z 
			 || test ! -s conftest.err
configure:2937: $? = 0
configure:2940: test -s conftest.o
configure:2943: $? = 0
configure:2954: result: yes
configure:2971: checking for gcc option to accept ANSI C
configure:3041: gcc  -c -g -O2  conftest.c >&5
configure:3047: $? = 0
configure:3051: test -z 
			 || test ! -s conftest.err
configure:3054: $? = 0
configure:3057: test -s conftest.o
configure:3060: $? = 0
configure:3078: result: none needed
configure:3096: gcc -c -g -O2  conftest.c >&5
conftest.c:2:3: error: unknown type name 'choke'
    2 |   choke me
      |   ^~~~~
conftest.c:2:3: error: expected '=', ',', ';', 'asm' or '__attribute__' at end of input
configure:3102: $? = 1
configure: failed program was:
| #ifndef __cplusplus
|   choke me
| #endif
configure:3237: checking dependency style of gcc
configure:3322: result: gcc3
configure:3351: checking whether make sets $(MAKE)
configure:3371: result: yes
configure:3392: checking how to run the C preprocessor
configure:3427: gcc -E  conftest.c
configure:3433: $? = 0
configure:3465: gcc -E  conftest.c
conftest.c:18:10: fatal error: ac_nonexistent.h: No such file or directory
   18 | #include <ac_nonexistent.h>
      |          ^~~~~~~~~~~~~~~~~~
compilation terminated.
configure:3471: $? = 1
configure: failed program was:
| /* confdefs.h.  */
| 
| #define PACKAGE_NAME "PACKAGE"
| #define PACKAGE_TARNAME "package"
| #define PACKAGE_VERSION "VERSION"
| #define PACKAGE_STRING "PACKAGE VERSION"
| #define PACKAGE_BUGREPORT "swingxficgenerator@gmail.com"
| #define PACKAGE "Swingxficgenerator"
| #define VERSION "0.3.1"
| #define SPECSFILE "/specs.all"
| #define HOSTSFILE "/bin/latest/hosts"
| #define STARTLISTENERFILENAME "/bin/startlistener"
| #define ERRFILECONNFORKS "/errfileconnforks"
| #ifdef __cplusplus
| extern "C" void std::exit (int) throw (); using std::exit;
| #endif
| /* end confdefs.h.  */
| #include <ac_nonexistent.h>
configure:3510: result: gcc -E
configure:3534: gcc -E  conftest.c
configure:3540: $? = 0
configure:3572: gcc -E  conftest.c
conftest.c:18:10: fatal error: ac_nonexistent.h: No such file or directory
   18 | #include <ac_nonexistent.h>
      |          ^~~~~~~~~~~~~~~~~~
compilation terminated.
configure:3578: $? = 1
configure: failed program was:
| /* confdefs.h.  */
| 
| #define PACKAGE_NAME "PACKAGE"
| #define PACKAGE_TARNAME "package"
| #define PACKAGE_VERSION "VERSION"
| #define PACKAGE_STRING "PACKAGE VERSION"
| #define PACKAGE_BUGREPORT "swingxficgenerator@gmail.com"
| #define PACKAGE "Swingxficgenerator"
| #define VERSION "0.3.1"
| #define SPECSFILE "/specs.all"
| #define HOSTSFILE "/bin/latest/hosts"
| #define STARTLISTENERFILENAME "/bin/startlistener"
| #define ERRFILECONNFORKS "/errfileconnforks"
| #ifdef __cplusplus
| extern "C" void std::exit (int) throw (); using std::exit;
| #endif
| /* end confdefs.h.  */
| #include <ac_nonexistent.h>
configure:3622: checking for egrep
configure:3632: result: grep -E
configure:3637: checking for ANSI C header files
configure:3662: gcc -c -g -O2  conftest.c >&5
configure:3668: $? = 0
configure:3672: test -z 
			 || test ! -s conftest.err
configure:3675: $? = 0
configure:3678: test -s conftest.o
configure:3681: $? = 0
configure:3770: gcc -o conftest -g -O2   conftest.c  >&5
conftest.c: In function 'main':
conftest.c:35:7: warning: implicit declaration of function 'exit' [-Wimplicit-function-declaration]
   35 |       exit(2);
      |       ^~~~
conftest.c:35:7: warning: incompatible implicit declaration of built-in function 'exit'
conftest.c:19:1: note: include '<stdlib.h>' or provide a declaration of 'exit'
   18 | #include <ctype.h>
  +++ |+#include <stdlib.h>
   19 | #if ((' ' & 0x0FF) == 0x020)
conftest.c:36:3: warning: incompatible implicit declaration of built-in function 'exit'
   36 |   exit (0);
      |   ^~~~
conftest.c:36:3: note: include '<stdlib.h>' or provide a declaration of 'exit'
configure:3773: $? = 0
configure:3775: ./conftest
configure:3778: $? = 0
configure:3793: result: yes
configure:3803: checking for sys/wait.h that is POSIX.1 compatible
configure:3834: gcc -c -g -O2  conftest.c >&5
configure:3840: $? = 0
configure:3844: test -z 
			 || test ! -s conftest.err
configure:3847: $? = 0
configure:3850: test -s conftest.o
configure:3853: $? = 0
configure:3864: result: yes
configure:3888: checking for sys/types.h
configure:3904: gcc -c -g -O2  conftest.c >&5
configure:3910: $? = 0
configure:3914: test -z 
			 || test ! -s conftest.err
configure:3917: $? = 0
configure:3920: test -s conftest.o
configure:3923: $? = 0
configure:3934: result: yes
configure:3888: checking for sys/stat.h
configure:3904: gcc -c -g -O2  conftest.c >&5
configure:3910: $? = 0
configure:3914: test -z 
			 || test ! -s conftest.err
configure:3917: $? = 0
configure:3920: test -s conftest.o
configure:3923: $? = 0
configure:3934: result: yes
configure:3888: checking for stdlib.h
configure:3904: gcc -c -g -O2  conftest.c >&5
configure:3910: $? = 0
configure:3914: test -z 
			 || test ! -s conftest.err
configure:3917: $? = 0
configure:3920: test -s conftest.o
configure:3923: $? = 0
configure:3934: result: yes
configure:3888: checking for string.h
configure:3904: gcc -c -g -O2  conftest.c >&5
configure:3910: $? = 0
configure:3914: test -z 
			 || test ! -s conftest.err
configure:3917: $? = 0
configure:3920: test -s conftest.o
configure:3923: $? = 0
configure:3934: result: yes
configure:3888: checking for memory.h
configure:3904: gcc -c -g -O2  conftest.c >&5
configure:3910: $? = 0
configure:3914: test -z 
			 || test ! -s conftest.err
configure:3917: $? = 0
configure:3920: test -s conftest.o
configure:3923: $? = 0
configure:3934: result: yes
configure:3888: checking for strings.h
configure:3904: gcc -c -g -O2  conftest.c >&5
configure:3910: $? = 0
configure:3914: test -z 
			 || test ! -s conftest.err
configure:3917: $? = 0
configure:3920: test -s conftest.o
configure:3923: $? = 0
configure:3934: result: yes
configure:3888: checking for inttypes.h
configure:3904: gcc -c -g -O2  conftest.c >&5
configure:3910: $? = 0
configure:3914: test -z 
			 || test ! -s conftest.err
configure:3917: $? = 0
configure:3920: test -s conftest.o
configure:3923: $? = 0
configure:3934: result: yes
configure:3888: checking for stdint.h
configure:3904: gcc -c -g -O2  conftest.c >&5
configure:3910: $? = 0
configure:3914: test -z 
			 || test ! -s conftest.err
configure:3917: $? = 0
configure:3920: test -s conftest.o
configure:3923: $? = 0
configure:3934: result: yes
configure:3888: checking for unistd.h
configure:3904: gcc -c -g -O2  conftest.c >&5
configure:3910: $? = 0
configure:3914: test -z 
			 || test ! -s conftest.err
configure:3917: $? = 0
configure:3920: test -s conftest.o
configure:3923: $? = 0
configure:3934: result: yes
configure:3966: checking netdb.h usability
configure:3978: gcc -c -g -O2  conftest.c >&5
configure:3984: $? = 0
configure:3988: test -z 
			 || test ! -s conftest.err
configure:3991: $? = 0
configure:3994: test -s conftest.o
configure:3997: $? = 0
configure:4007: result: yes
configure:4011: checking netdb.h presence
configure:4021: gcc -E  conftest.c
configure:4027: $? = 0
configure:4047: result: yes
configure:4082: checking for netdb.h
configure:4089: result: yes
configure:3966: checking netinet/in.h usability
configure:3978: gcc -c -g -O2  conftest.c >&5
configure:3984: $? = 0
configure:3988: test -z 
			 || test ! -s conftest.err
configure:3991: $? = 0
configure:3994: test -s conftest.o
configure:3997: $? = 0
configure:4007: result: yes
configure:4011: checking netinet/in.h presence
configure:4021: gcc -E  conftest.c
configure:4027: $? = 0
configure:4047: result: yes
configure:4082: checking for netinet/in.h
configure:4089: result: yes
configure:3957: checking for stdlib.h
configure:3962: result: yes
configure:3957: checking for string.h
configure:3962: result: yes
configure:3966: checking sys/socket.h usability
configure:3978: gcc -c -g -O2  conftest.c >&5
configure:3984: $? = 0
configure:3988: test -z 
			 || test ! -s conftest.err
configure:3991: $? = 0
configure:3994: test -s conftest.o
configure:3997: $? = 0
configure:4007: result: yes
configure:4011: checking sys/socket.h presence
configure:4021: gcc -E  conftest.c
configure:4027: $? = 0
configure:4047: result: yes
configure:4082: checking for sys/socket.h
configure:4089: result: yes
configure:3966: checking sys/time.h usability
configure:3978: gcc -c -g -O2  conftest.c >&5
configure:3984: $? = 0
configure:3988: test -z 
			 || test ! -s conftest.err
configure:3991: $? = 0
configure:3994: test -s conftest.o
configure:3997: $? = 0
configure:4007: result: yes
configure:4011: checking sys/time.h presence
configure:4021: gcc -E  conftest.c
configure:4027: $? = 0
configure:4047: result: yes
configure:4082: checking for sys/time.h
configure:4089: result: yes
configure:3957: checking for unistd.h
configure:3962: result: yes
configure:4108: checking for pid_t
configure:4132: gcc -c -g -O2  conftest.c >&5
configure:4138: $? = 0
configure:4142: test -z 
			 || test ! -s conftest.err
configure:4145: $? = 0
configure:4148: test -s conftest.o
configure:4151: $? = 0
configure:4162: result: yes
configure:4180: checking for unistd.h
configure:4185: result: yes
configure:4189: checking vfork.h usability
configure:4201: gcc -c -g -O2  conftest.c >&5
conftest.c:71:10: fatal error: vfork.h: No such file or directory
   71 | #include <vfork.h>
      |          ^~~~~~~~~
compilation terminated.
configure:4207: $? = 1
configure: failed program was:
| /* confdefs.h.  */
| 
| #define PACKAGE_NAME "PACKAGE"
| #define PACKAGE_TARNAME "package"
| #define PACKAGE_VERSION "VERSION"
| #define PACKAGE_STRING "PACKAGE VERSION"
| #define PACKAGE_BUGREPORT "swingxficgenerator@gmail.com"
| #define PACKAGE "Swingxficgenerator"
| #define VERSION "0.3.1"
| #define SPECSFILE "/specs.all"
| #define HOSTSFILE "/bin/latest/hosts"
| #define STARTLISTENERFILENAME "/bin/startlistener"
| #define ERRFILECONNFORKS "/errfileconnforks"
| #ifdef __cplusplus
| extern "C" void std::exit (int) throw (); using std::exit;
| #endif
| #define STDC_HEADERS 1
| #define HAVE_SYS_WAIT_H 1
| #define HAVE_SYS_TYPES_H 1
| #define HAVE_SYS_STAT_H 1
| #define HAVE_STDLIB_H 1
| #define HAVE_STRING_H 1
| #define HAVE_MEMORY_H 1
| #define HAVE_STRINGS_H 1
| #define HAVE_INTTYPES_H 1
| #define HAVE_STDINT_H 1
| #define HAVE_UNISTD_H 1
| #define HAVE_NETDB_H 1
| #define HAVE_NETINET_IN_H 1
| #define HAVE_STDLIB_H 1
| #define HAVE_STRING_H 1
| #define HAVE_SYS_SOCKET_H 1
| #define HAVE_SYS_TIME_H 1
| #define HAVE_UNISTD_H 1
| #define HAVE_UNISTD_H 1
| /* end confdefs.h.  */
| #include <stdio.h>
| #if HAVE_SYS_TYPES_H
| # include <sys/types.h>
| #endif
| #if HAVE_SYS_STAT_H
| # include <sys/stat.h>
| #endif
| #if STDC_HEADERS
| # include <stdlib.h>
| # include <stddef.h>
| #else
| # if HAVE_STDLIB_H
| #  include <stdlib.h>
| # endif
| #endif
| #if HAVE_STRING_H
| # if !STDC_HEADERS && HAVE_MEMORY_H
| #  include <memory.h>
| # endif
| # include <string.h>
| #endif
| #if HAVE_STRINGS_H
| # include <strings.h>
| #endif
| #if HAVE_INTTYPES_H
| # include <inttypes.h>
| #else
| # if HAVE_STDINT_H
| #  include <stdint.h>
| # endif
| #endif
| #if HAVE_UNISTD_H
| # include <unistd.h>
| #endif
| #include <vfork.h>
configure:4230: result: no
configure:4234: checking vfork.h presence
configure:4244: gcc -E  conftest.c
conftest.c:37:10: fatal error: vfork.h: No such file or directory
   37 | #include <vfork.h>
      |          ^~~~~~~~~
compilation terminated.
configure:4250: $? = 1
configure: failed program was:
| /* confdefs.h.  */
| 
| #define PACKAGE_NAME "PACKAGE"
| #define PACKAGE_TARNAME "package"
| #define PACKAGE_VERSION "VERSION"
| #define PACKAGE_STRING "PACKAGE VERSION"
| #define PACKAGE_BUGREPORT "swingxficgenerator@gmail.com"
| #define PACKAGE "Swingxficgenerator"
| #define VERSION "0.3.1"
| #define SPECSFILE "/specs.all"
| #define HOSTSFILE "/bin/latest/hosts"
| #define STARTLISTENERFILENAME "/bin/startlistener"
| #define ERRFILECONNFORKS "/errfileconnforks"
| #ifdef __cplusplus
| extern "C" void std::exit (int) throw (); using std::exit;
| #endif
| #define STDC_HEADERS 1
| #define HAVE_SYS_WAIT_H 1
| #define HAVE_SYS_TYPES_H 1
| #define HAVE_SYS_STAT_H 1
| #define HAVE_STDLIB_H 1
| #define HAVE_STRING_H 1
| #define HAVE_MEMORY_H 1
| #define HAVE_STRINGS_H 1
| #define HAVE_INTTYPES_H 1
| #define HAVE_STDINT_H 1
| #define HAVE_UNISTD_H 1
| #define HAVE_NETDB_H 1
| #define HAVE_NETINET_IN_H 1
| #define HAVE_STDLIB_H 1
| #define HAVE_STRING_H 1
| #define HAVE_SYS_SOCKET_H 1
| #define HAVE_SYS_TIME_H 1
| #define HAVE_UNISTD_H 1
| #define HAVE_UNISTD_H 1
| /* end confdefs.h.  */
| #include <vfork.h>
configure:4270: result: no
configure:4305: checking for vfork.h
configure:4312: result: no
configure:4330: checking for fork
configure:4387: gcc -o conftest -g -O2   conftest.c  >&5
conftest.c:61:6: warning: conflicting types for built-in function 'fork'; expected 'int(void)' [-Wbuiltin-declaration-mismatch]
   61 | char fork ();
      |      ^~~~
configure:4393: $? = 0
configure:4397: test -z 
			 || test ! -s conftest.err
configure:4400: $? = 0
configure:4403: test -s conftest
configure:4406: $? = 0
configure:4418: result: yes
configure:4330: checking for vfork
configure:4387: gcc -o conftest -g -O2   conftest.c  >&5
configure:4393: $? = 0
configure:4397: test -z 
			 || test ! -s conftest.err
configure:4400: $? = 0
configure:4403: test -s conftest
configure:4406: $? = 0
configure:4418: result: yes
configure:4429: checking for working fork
configure:4452: gcc -o conftest -g -O2   conftest.c  >&5
conftest.c: In function 'main':
conftest.c:9:6: warning: implicit declaration of function 'fork' [-Wimplicit-function-declaration]
    9 |  if (fork() < 0)
      |      ^~~~
conftest.c:10:4: warning: implicit declaration of function 'exit' [-Wimplicit-function-declaration]
   10 |    exit (1);
      |    ^~~~
conftest.c:10:4: warning: incompatible implicit declaration of built-in function 'exit'
conftest.c:3:1: note: include '<stdlib.h>' or provide a declaration of 'exit'
    2 |       #include <sys/types.h>
  +++ |+#include <stdlib.h>
    3 |       #if HAVE_UNISTD_H
conftest.c:11:2: warning: incompatible implicit declaration of built-in function 'exit'
   11 |  exit (0);
      |  ^~~~
conftest.c:11:2: note: include '<stdlib.h>' or provide a declaration of 'exit'
configure:4455: $? = 0
configure:4457: ./conftest
configure:4460: $? = 0
configure:4474: result: yes
configure:4495: checking for working vfork
configure:4628: result: yes
configure:4664: checking for stdlib.h
configure:4669: result: yes
configure:4809: checking for GNU libc compatible malloc
configure:4838: gcc -o conftest -g -O2   conftest.c  >&5
configure:4841: $? = 0
configure:4843: ./conftest
configure:4846: $? = 0
configure:4860: result: yes
configure:4890: checking for working memcmp
configure:4938: gcc -o conftest -g -O2   conftest.c  >&5
configure:4941: $? = 0
configure:4943: ./conftest
configure:4946: $? = 0
configure:4960: result: yes
configure:4976: checking for stdlib.h
configure:4981: result: yes
configure:5121: checking for GNU libc compatible realloc
configure:5150: gcc -o conftest -g -O2   conftest.c  >&5
configure:5153: $? = 0
configure:5155: ./conftest
configure:5158: $? = 0
configure:5172: result: yes
configure:5217: checking sys/select.h usability
configure:5229: gcc -c -g -O2  conftest.c >&5
configure:5235: $? = 0
configure:5239: test -z 
			 || test ! -s conftest.err
configure:5242: $? = 0
configure:5245: test -s conftest.o
configure:5248: $? = 0
configure:5258: result: yes
configure:5262: checking sys/select.h presence
configure:5272: gcc -E  conftest.c
configure:5278: $? = 0
configure:5298: result: yes
configure:5333: checking for sys/select.h
configure:5340: result: yes
configure:5208: checking for sys/socket.h
configure:5213: result: yes
configure:5353: checking types of arguments for select
configure:5386: gcc -c -g -O2  conftest.c >&5
configure:5392: $? = 0
configure:5396: test -z 
			 || test ! -s conftest.err
configure:5399: $? = 0
configure:5402: test -s conftest.o
configure:5405: $? = 0
configure:5421: result: int,fd_set *,struct timeval *
configure:5444: checking return type of signal handlers
configure:5475: gcc -c -g -O2  conftest.c >&5
configure:5481: $? = 0
configure:5485: test -z 
			 || test ! -s conftest.err
configure:5488: $? = 0
configure:5491: test -s conftest.o
configure:5494: $? = 0
configure:5505: result: void
configure:5523: checking for gethostbyname
configure:5580: gcc -o conftest -g -O2   conftest.c  >&5
configure:5586: $? = 0
configure:5590: test -z 
			 || test ! -s conftest.err
configure:5593: $? = 0
configure:5596: test -s conftest
configure:5599: $? = 0
configure:5611: result: yes
configure:5523: checking for gettimeofday
configure:5580: gcc -o conftest -g -O2   conftest.c  >&5
configure:5586: $? = 0
configure:5590: test -z 
			 || test ! -s conftest.err
configure:5593: $? = 0
configure:5596: test -s conftest
configure:5599: $? = 0
configure:5611: result: yes
configure:5523: checking for memset
configure:5580: gcc -o conftest -g -O2   conftest.c  >&5
conftest.c:77:6: warning: conflicting types for built-in function 'memset'; expected 'void *(void *, int,  long unsigned int)' [-Wbuiltin-declaration-mismatch]
   77 | char memset ();
      |      ^~~~~~
conftest.c:64:1: note: 'memset' is declared in header '<string.h>'
   63 | # include <limits.h>
   64 | #else
configure:5586: $? = 0
configure:5590: test -z 
			 || test ! -s conftest.err
configure:5593: $? = 0
configure:5596: test -s conftest
configure:5599: $? = 0
configure:5611: result: yes
configure:5523: checking for select
configure:5580: gcc -o conftest -g -O2   conftest.c  >&5
configure:5586: $? = 0
configure:5590: test -z 
			 || test ! -s conftest.err
configure:5593: $? = 0
configure:5596: test -s conftest
configure:5599: $? = 0
configure:5611: result: yes
configure:5523: checking for socket
configure:5580: gcc -o conftest -g -O2   conftest.c  >&5
configure:5586: $? = 0
configure:5590: test -z 
			 || test ! -s conftest.err
configure:5593: $? = 0
configure:5596: test -s conftest
configure:5599: $? = 0
configure:5611: result: yes
configure:5523: checking for strdup
configure:5580: gcc -o conftest -g -O2   conftest.c  >&5
conftest.c:80:6: warning: conflicting types for built-in function 'strdup'; expected 'char *(const char *)' [-Wbuiltin-declaration-mismatch]
   80 | char strdup ();
      |      ^~~~~~
configure:5586: $? = 0
configure:5590: test -z 
			 || test ! -s conftest.err
configure:5593: $? = 0
configure:5596: test -s conftest
configure:5599: $? = 0
configure:5611: result: yes
configure:5523: checking for strstr
configure:5580: gcc -o conftest -g -O2   conftest.c  >&5
conftest.c:81:6: warning: conflicting types for built-in function 'strstr'; expected 'char *(const char *, const char *)' [-Wbuiltin-declaration-mismatch]
   81 | char strstr ();
      |      ^~~~~~
conftest.c:68:1: note: 'strstr' is declared in header '<string.h>'
   67 | # include <limits.h>
   68 | #else
configure:5586: $? = 0
configure:5590: test -z 
			 || test ! -s conftest.err
configure:5593: $? = 0
configure:5596: test -s conftest
configure:5599: $? = 0
configure:5611: result: yes
configure:5743: creating ./config.status

## ---------------------- ##
## Running config.status. ##
## ---------------------- ##

This file was extended by PACKAGE config.status VERSION, which was
generated by GNU Autoconf 2.59.  Invocation command line was

  CONFIG_FILES    = 
  CONFIG_HEADERS  = 
  CONFIG_LINKS    = 
  CONFIG_COMMANDS = 
  $ ./config.status 

on DESKTOP-JOJO5FV

config.status:685: creating Makefile
config.status:685: creating scripts/Makefile
config.status:685: creating src/Makefile
config.status:789: creating config.h
config.status:1159: executing depfiles commands

## ---------------- ##
## Cache variables. ##
## ---------------- ##

ac_cv_c_compiler_gnu=yes
ac_cv_cxx_compiler_gnu=yes
ac_cv_env_CC_set=
ac_cv_env_CC_value=
ac_cv_env_CFLAGS_set=
ac_cv_env_CFLAGS_value=
ac_cv_env_CPPFLAGS_set=
ac_cv_env_CPPFLAGS_value=
ac_cv_env_CPP_set=
ac_cv_env_CPP_value=
ac_cv_env_CXXFLAGS_set=
ac_cv_env_CXXFLAGS_value=
ac_cv_env_CXX_set=
ac_cv_env_CXX_value=
ac_cv_env_LDFLAGS_set=
ac_cv_env_LDFLAGS_value=
ac_cv_env_build_alias_set=
ac_cv_env_build_alias_value=
ac_cv_env_host_alias_set=
ac_cv_env_host_alias_value=
ac_cv_env_target_alias_set=
ac_cv_env_target_alias_value=
ac_cv_exeext=
ac_cv_func_fork=yes
ac_cv_func_fork_works=yes
ac_cv_func_gethostbyname=yes
ac_cv_func_gettimeofday=yes
ac_cv_func_malloc_0_nonnull=yes
ac_cv_func_memcmp_working=yes
ac_cv_func_memset=yes
ac_cv_func_realloc_0_nonnull=yes
ac_cv_func_select=yes
ac_cv_func_select_args='int,fd_set *,struct timeval *'
ac_cv_func_socket=yes
ac_cv_func_strdup=yes
ac_cv_func_strstr=yes
ac_cv_func_vfork=yes
ac_cv_func_vfork_works=yes
ac_cv_header_inttypes_h=yes
ac_cv_header_memory_h=yes
ac_cv_header_netdb_h=yes
ac_cv_header_netinet_in_h=yes
ac_cv_header_stdc=yes
ac_cv_header_stdint_h=yes
ac_cv_header_stdlib_h=yes
ac_cv_header_string_h=yes
ac_cv_header_strings_h=yes
ac_cv_header_sys_select_h=yes
ac_cv_header_sys_socket_h=yes
ac_cv_header_sys_stat_h=yes
ac_cv_header_sys_time_h=yes
ac_cv_header_sys_types_h=yes
ac_cv_header_sys_wait_h=yes
ac_cv_header_unistd_h=yes
ac_cv_header_vfork_h=no
ac_cv_objext=o
ac_cv_path_install='/usr/bin/install -c'
ac_cv_prog_AWK=gawk
ac_cv_prog_CPP='gcc -E'
ac_cv_prog_ac_ct_CC=gcc
ac_cv_prog_ac_ct_CXX=g++
ac_cv_prog_cc_g=yes
ac_cv_prog_cc_stdc=
ac_cv_prog_cxx_g=yes
ac_cv_prog_egrep='grep -E'
ac_cv_prog_make_make_set=yes
ac_cv_type_pid_t=yes
ac_cv_type_signal=void
am_cv_CC_dependencies_compiler_type=gcc3
am_cv_CXX_dependencies_compiler_type=gcc3

## ----------------- ##
## Output variables. ##
## ----------------- ##

ACLOCAL='${SHELL} /home/anderson/Workspace/Cpp/Swingxficgenerator-0.3.1/missing --run aclocal-1.8'
AMDEPBACKSLASH='\'
AMDEP_FALSE='#'
AMDEP_TRUE=''
AMTAR='${SHELL} /home/anderson/Workspace/Cpp/Swingxficgenerator-0.3.1/missing --run tar'
AUTOCONF='${SHELL} /home/anderson/Workspace/Cpp/Swingxficgenerator-0.3.1/missing --run autoconf'
AUTOHEADER='${SHELL} /home/anderson/Workspace/Cpp/Swingxficgenerator-0.3.1/missing --run autoheader'
AUTOMAKE='${SHELL} /home/anderson/Workspace/Cpp/Swingxficgenerator-0.3.1/missing --run automake-1.8'
AWK='gawk'
CC='gcc'
CCDEPMODE='depmode=gcc3'
CFLAGS='-g -O2'
CPP='gcc -E'
CPPFLAGS=''
CXX='g++'
CXXDEPMODE='depmode=gcc3'
CXXFLAGS='-g -O2'
CYGPATH_W='echo'
DEFS='-DHAVE_CONFIG_H'
DEPDIR='.deps'
ECHO_C=''
ECHO_N='-n'
ECHO_T=''
EGREP='grep -E'
ERRFILECONNFORKS=''
EXEEXT=''
HOSTSFILE=''
INSTALL_DATA='${INSTALL} -m 644'
INSTALL_PROGRAM='${INSTALL}'
INSTALL_SCRIPT='${INSTALL}'
INSTALL_STRIP_PROGRAM='${SHELL} $(install_sh) -c -s'
LDFLAGS=''
LIBOBJS=''
LIBS=''
LTLIBOBJS=''
MAKEINFO='${SHELL} /home/anderson/Workspace/Cpp/Swingxficgenerator-0.3.1/missing --run makeinfo'
OBJEXT='o'
PACKAGE='Swingxficgenerator'
PACKAGE_BUGREPORT='swingxficgenerator@gmail.com'
PACKAGE_NAME='PACKAGE'
PACKAGE_STRING='PACKAGE VERSION'
PACKAGE_TARNAME='package'
PACKAGE_VERSION='VERSION'
PATH_SEPARATOR=':'
SET_MAKE=''
SHELL='/bin/bash'
SPECSFILE=''
STARTLISTENERFILENAME=''
STRIP=''
VERSION='0.3.1'
ac_ct_CC='gcc'
ac_ct_CXX='g++'
ac_ct_STRIP=''
am__fastdepCC_FALSE='#'
am__fastdepCC_TRUE=''
am__fastdepCXX_FALSE='#'
am__fastdepCXX_TRUE=''
am__include='include'
am__leading_dot='.'
am__quote=''
bindir='${exec_prefix}/bin'
build_alias=''
datadir='${prefix}/share'
exec_prefix='${prefix}'
host_alias=''
includedir='${prefix}/include'
infodir='${prefix}/info'
install_sh='/home/anderson/Workspace/Cpp/Swingxficgenerator-0.3.1/install-sh'
libdir='${exec_prefix}/lib'
libexecdir='${exec_prefix}/libexec'
localstatedir='${prefix}/var'
mandir='${prefix}/man'
mkdir_p='mkdir -p -- .'
oldincludedir='/usr/include'
prefix=''
program_transform_name='s,x,x,'
sbindir='${exec_prefix}/sbin'
sharedstatedir='${prefix}/com'
sysconfdir='${prefix}/etc'
target_alias=''

## ----------- ##
## confdefs.h. ##
## ----------- ##

#define ERRFILECONNFORKS "/errfileconnforks"
#define HAVE_FORK 1
#define HAVE_GETHOSTBYNAME 1
#define HAVE_GETTIMEOFDAY 1
#define HAVE_INTTYPES_H 1
#define HAVE_MALLOC 1
#define HAVE_MEMORY_H 1
#define HAVE_MEMSET 1
#define HAVE_NETDB_H 1
#define HAVE_NETINET_IN_H 1
#define HAVE_REALLOC 1
#define HAVE_SELECT 1
#define HAVE_SOCKET 1
#define HAVE_STDINT_H 1
#define HAVE_STDLIB_H 1
#define HAVE_STDLIB_H 1
#define HAVE_STDLIB_H 1
#define HAVE_STDLIB_H 1
#define HAVE_STRDUP 1
#define HAVE_STRINGS_H 1
#define HAVE_STRING_H 1
#define HAVE_STRING_H 1
#define HAVE_STRSTR 1
#define HAVE_SYS_SELECT_H 1
#define HAVE_SYS_SOCKET_H 1
#define HAVE_SYS_SOCKET_H 1
#define HAVE_SYS_STAT_H 1
#define HAVE_SYS_TIME_H 1
#define HAVE_SYS_TYPES_H 1
#define HAVE_SYS_WAIT_H 1
#define HAVE_UNISTD_H 1
#define HAVE_UNISTD_H 1
#define HAVE_UNISTD_H 1
#define HAVE_VFORK 1
#define HAVE_WORKING_FORK 1
#define HAVE_WORKING_VFORK 1
#define HOSTSFILE "/bin/latest/hosts"
#define PACKAGE "Swingxficgenerator"
#define PACKAGE_BUGREPORT "swingxficgenerator@gmail.com"
#define PACKAGE_NAME "PACKAGE"
#define PACKAGE_STRING "PACKAGE VERSION"
#define PACKAGE_TARNAME "package"
#define PACKAGE_VERSION "VERSION"
#define RETSIGTYPE void
#define SELECT_TYPE_ARG1 int
#define SELECT_TYPE_ARG234 (fd_set *)
#define SELECT_TYPE_ARG5 (struct timeval *)
#define SPECSFILE "/specs.all"
#define STARTLISTENERFILENAME "/bin/startlistener"
#define STDC_HEADERS 1
#define VERSION "0.3.1"
#endif
#ifdef __cplusplus
extern "C" void std::exit (int) throw (); using std::exit;

configure: exit 0
